[   0.000000] Initializing cgroup subsys cpuset
[    0.000000] Initializing cgroup subsys cpu
[    0.000000] Initializing cgroup subsys cpuacct
[    0.000000] Linux version 4.4.0-157-generic (buildd@lgw01-amd64-037) (gcc version 5.4.0 20160609 (Ubuntu 5.4.0-6ubuntu1~16.04.10) ) #185-Ubuntu SMP Tue Jul 23 09:17:01 UTC 2019 (Ubuntu 4.4.0-157.185-generic 4.4.181)
[    0.000000] Command line: BOOT_IMAGE=/boot/vmlinuz-4.4.0-157-generic root=LABEL=cloudimg-rootfs ro console=tty1 console=ttyS0
[    0.000000] KERNEL supported cpus:
[    0.000000]   Intel GenuineIntel
[    0.000000]   AMD AuthenticAMD
[    0.000000]   Centaur CentaurHauls
[    0.000000] x86/fpu: xstate_offset[2]:  576, xstate_sizes[2]:  256
[    0.000000] x86/fpu: Supporting XSAVE feature 0x01: 'x87 floating point registers'
[    0.000000] x86/fpu: Supporting XSAVE feature 0x02: 'SSE registers'
[    0.000000] x86/fpu: Supporting XSAVE feature 0x04: 'AVX registers'
[    0.000000] x86/fpu: Enabled xstate features 0x7, context size is 832 bytes, using 'standard' format.
[    0.000000] e820: BIOS-provided physical RAM map:
[    0.000000] BIOS-e820: [mem 0x0000000000000000-0x000000000009fbff] usable
[    0.000000] BIOS-e820: [mem 0x000000000009fc00-0x000000000009ffff] reserved
[    0.000000] BIOS-e820: [mem 0x00000000000f0000-0x00000000000fffff] reserved
[    0.000000] BIOS-e20: [mem 0x0000000000100000-0x00000003ffeffff] usable
[    0.000000] BIOS-e820: [mem 0x000000003fff0000-0x000000003fffffff] ACPI data
[    0.000000] BIOS-e820: [mem 0x00000000fec00000-0x00000000fec00fff] reserved
[    0.000000] BIOS-e820: [mem 0x00000000fee00000-0x00000000fee00fff] reserved
[    0.000000] BIOS-e820: [mem 0x00000000fffc0000-0x00000000ffffffff] reserved
[    0.000000] NX (Execute Disable) protection: active
[    0.000000] SMBIOS 2.5 present.
[    0.000000] Hypervisor detected: KVM
[    0.000000] e820: last_pfn = 0x3fff0 max_arch_n  0x400000000
[    0.000000] MTRR: Disabled
[    0.000000] x86/PAT: MTRRs disabled, skipping PAT initialization too.
[    0.000000] CPU MTRRs all blank - virtualized system.
[    0.000000] x86/PAT: Configuration [0-7]: WB  WT  UC- UC  WB  WT  UC- UC  
[    0.00000] found SMP MP-table at [mem 0x0009fff0-0x0009ffff] mapped at [ffff88000009fff0]
[    0.000000] Scanning 1 areas for low memory corruption
[    0.000000] RAMDISK: [mem 0x362fa000-0x37174fff]
[    0.000000] ACPI: Early table checksum verification disabled
[    0.000000] ACPI: RSDP 0x00000000000E0000 000024 (v02 VBOX  )
[    0.000000] ACPI: XSDT 0x000000003FFF0030 00003C (v01 VBOX   VBOXXSDT 00000001 ASL  00000061)
[    0.000000] ACPI: FACP 0x000000003FFF00F0 0000F4 (v04 VBOX   VBOXFACP 00000001 ASL  00000061)
[    0.000000] ACPI: DSDT 0x000000003FFF0470 0021FF (v02 VBOX   VBOXBIOS 00000002 INTL 20180105)
[    0.000000] ACPI: FACS 0x000000003FFF0200 000040
[    0.000000] ACPI: FACS 0x000000003FFF0200 000040
[    0.000000] ACPI: APIC 0x000000003FFF0240 00005C (v02 VBOX   VBOXAPIC 00000001 ASL  00000061)
[    0.000000] AC: SSDT 0x000000003FFF02A0 0001CC (v01 VBOX   VBOXCPUT 00000002 INTL 20180105)
[    0.000000] No NUMA configuration found
[    0.000000] Faking a node at [mem 0x0000000000000000-0x000000003ffeffff]
[    0.000000] NODE_DATA(0) allocated [mem 0x3ffeb000-0x3ffeffff]
[    0.000000] kvm-clock: Using msrs 4b564d01 and 4b564d00
[    0.000000] kvm-clock: cpu 0, msr 0:3ffe3001, primary cpu clock
[    0.000000] kvm-clock: using sched offset of 3180784821 cycles
[    0.000000] clocksource: kvm-clock: mask: 0xffffffffffffffff max_cycles: 0x1cd42e4dffb, max_idle_ns: 881590591483 ns
[    0.000000] Zone ranges:
[    0.000000]   DMA      [mem 0x0000000000001000-0x0000000000ffffff]
[    0.000000]   DMA32    [mem 0x0000000001000000-0x000000003ffeffff]
[    0.000000]   Normal   empty
[    0.000000]   Device   empty
[    0.000000] Movable zone start for each node
[    0.000000] Early memory node ranges
[    0.000000]   node   0: [mem 0x0000000000001000-0x000000000009efff]
[    0.000000]   node   0: [mem 0x0000000000100000-0x000000003ffeffff]
[    0.000000] Initmem setup node 0 [mem 0x0000000000001000-0x000000003ffeffff]
[    0.000000] ACPI: PM-Timer IO Port: 0x4008
[    0.000000] IOAPIC[0]: apic_id 2, version 32, address 0xfec00000, GSI 0-23
[    0.000000] ACPI: INT_SRC_OVR (bus 0 bus_irq 0 global_irq 2 dfl dfl)
[    0.000000] ACPI: INT_SRC_OVR (bus 0 bus_irq 9 global_irq 9 low level)
[    0.000000] Using ACPI (MADT) for SMP configuration information
[    0.000000] smpboot: Allowing 2 CPUs, 0 hotplug CPUs
[    0.000000] PM: Registered nosave memory: [mem 0x00000000-0x00000fff]
[    0.000000] PM: Registered nosave memory: [mem 0x0009f000-0x0009ffff]
[    0.000000] PM: Registered nosave memory: [mem 0x000a0000-0x000effff]
[    0.000000] PM: Registered nosave memory: [mem 0x000f0000-0x000fffff]
[    0.000000] e820: [mem 0x40000000-0xfebfffff] available for PCI devices
[    0.000000] Booting paravirtualized kernel on KVM
[    0.000000] clocksource: refined-jiffies: mask: 0xffffffff max_cycles: 0xffffffff, max_idle_ns: 7645519600211568 ns
[    0.000000] setup_percpu: NR_CPUS:512 nr_cpumask_bits:512 nr_cpu_ids:2 nr_node_ids:1
[    0.000000] PERCPU: Embedded 34 pages/cpu @ffff88003fc00000 s99544 r8192 d31528 u1048576
[    0.000000] Built 1 zonelists in Node order, mobility grouping on.  Total pages: 257912
[    0.000000] Policy zone: DMA32
[    0.000000] Kernel command line: BOOT_IMAGE=/boot/vmlinuz-4.4.0-157-generic root=LABEL=cloudimg-rootfs ro console=tty1 console=ttyS0
[    0.000000] PID hash table entries: 4096 (order: 3, 32768 bytes)
[    0.000000] Memory: 997732K/1048120K available (8618K kernel code, 1335K rwdata, 4032K rodata, 1484K init, 1284K bss, 50388K reserved, 0K cma-reserved)
[    0.000000] SLUB: HWalign=64, Order=0-3, MinObjects=0, CPUs=2, Nodes=1
[    0.000000] Kernel/User page tables isolation: enabled
[    0.000000] Hierarchical RCU implementation.
[    0.000000] 	Build-time adjustment of leaf fanout to 64.
[    0.000000] 	RCU restricting CPUs from NR_CPUS=512 to nr_cpu_ids=2.
[    0.000000] RCU: Adjusting geometry for rcu_fanout_leaf=64, nr_cpu_ids=2
[    0.000000] NR_IRQS:33024 nr_irqs:440 16
[    0.000000] Console: colour VGA+ 80x25
[    0.000000] console [tty1] enabled
[    0.000000] console [ttyS0] enabled
[    0.000000] tsc: Detected 2711.998 MHz processor
[    0.334970] Calibrating delay loop (skipped) preset value.. 5423.99 BogoMIPS (lpj=10847992)
[    0.336829] pid_max: default: 32768 minimum: 301
[    0.337801] ACPI: Core revision 20150930
[    0.339809] ACPI: 2 ACPI AML tables successfully acquired and loaded
[    0.342332] Security Framework initialized
[    0.343179] Yama: becoming mindful.
[    0.343961] AppArmor: AppArmor initialized
[    0.344918] Dentry cache hash table entries: 131072 (order: 8, 1048576 bytes)
[    0.350843] Inode-cache hash table entries: 65536 (order: 7, 524288 bytes)
[    0.352257] Mount-cache hash table entries: 2048 (order: 2, 16384 bytes)
[    0.353589] Mountpoint-cache hash table entries: 2048 (order: 2, 16384 bytes)
[    0.354951] Initializing cgroup subsys io
[    0.355810] Initializing cgroup subsys memory
[    0.356705] Initializing cgroup subsys devices
[    0.362786] Initializing cgroup subsys freezer
[    0.363696] Initializing cgroup subsys net_cls
[    0.364595] Initializing cgroup subsys perf_event
[    0.365610] Initializing cgroup subsys net_prio
[    0.366434] Initializing cgroup subsys hugetlb
[    0.367219] Initializing cgroup subsys pids
[    0.374694] mce: CPU supports 0 MCE banks
[    0.375723] Last level iTLB entries: 4KB 64, 2MB 8, 4MB 8
[    0.376962] Last level dTLB entries: 4KB 64, 2MB 0, 4MB 0, 1GB 4
[    0.378297] Spectre V2 : Mitigation: Full generic retpoline
[    0.379559] Spectre V2 : Spectre v2 / SpectreRSB mitigation: Filling RSB on context switch
[    0.381480] Speculative Store Bypass: Vulnerable
[    0.383909] MDS: Mitigation: Clear CPU buffers
[    0.387958] Freeing SMP alternatives memory: 36K
[    0.393980] ftrace: allocating 32312 entries in 127 pages
[    0.450072] smpboot: APIC(0) Converting physical 0 to logical package 0
[    0.451389] smpboot: Max logical packages: 1
[    0.452530] x2apic enabled
[    0.453540] Switched APIC routing to physical x2apic.
[    0.455991] ..TIMER: vector=0x30 apic1=0 pin1=2 apic2=-1 pin2=-1
[    0.565539] smpboot: CPU0: Intel(R) Core(TM) i5-7200U CPU @ 2.50GHz (family: 0x6, model: 0x8e, stepping: 0x9)
[    0.573312] Performance Events: unsupported p6 CPU model 142 no PMU driver, software events only.
[    0.591148] KVM setup paravirtual spinlock
[    0.592681] x86: Booting SMP configuration:
[    0.593662] .... node  #0, CPUs:      #1
[    0.594587] kvm-clock: cpu 1, msr 0:3ffe3041, secondary cpu clock
[    0.596679] mce: CPU supports 0 MCE banks
[    0.599264] x86: Booted up 1 node, 2 CPUs
[    0.600291] smpboot: Total of 2 processors activated (10847.99 BogoMIPS)
[    0.601923] devtmpfs: initialized
[    0.604416] evm: security.selinux
[    0.605180] evm: security.SMACK64
[    0.606079] evm: security.SMACK64EXEC
[    0.607019] evm: security.SMACK64TRANSMUTE
[    0.608022] evm: security.SMACK64MMAP
[    0.608947] evm: security.ima
[    0.609799] evm: security.capability
[    0.610955] clocksource: jiffies: mask: 0xffffffff max_cycles: 0xffffffff, max_idle_ns: 7645041785100000 ns
[    0.618198] futex hash table entries: 512 (order: 3, 32768 bytes)
[    0.619478] pinctrl core: initialized pinctrl subsystem
[    0.620572] RTC time:  2:23:39, date: 08/09/19
[    0.631482] NET: Registered protocol family 16
[    0.641514] cpuidle: using governor ladder
[    0.653645] cpuidle: using governor menu
[    0.654639] PCCT header not found.
[    0.656649] ACPI: bus type PCI registered
[    0.658532] acpiphp: ACPI Hot Plug PCI Controller Driver version: 0.5
[    0.659857] PCI: Using configuration type 1 for base access
[    0.673638] ACPI: Added _OSI(Module Device)
[    0.679787] ACPI: Added _OSI(Processor Device)
[    0.680821] ACPI: Added _OSI(3.0 _SCP Extensions)
[    0.681955] ACPI: Added _OSI(Processor Aggregator Device)
[    0.689731] ACPI: Executed 1 blocks of module-level executable AML code
[    0.694284] ACPI: Interpreter enabled
[    0.696181] ACPI: (supports S0 S5)
[    0.697182] ACPI: Using IOAPIC for interrupt routing
[    0.700311] PCI: Using host bridge windows from ACPI; if necessary, use "pci=nocrs" and report a bug
[    0.705224] ACPI: PCI Root Bridge [PCI0] (domain 0000 [bus 00-ff])
[    0.706440] acpi PNP0A03:00: _OSC: OS supports [ASPM ClockPM Segments MSI]
[    0.707713] acpi PNP0A03:00: _OSC: not requesting OS control; OS requires [ExtendedConfig ASPM ClockPM MSI]
[    0.714886] acpi PNP0A03:00: fail to add MMCONFIG information, can't access extended PCI configuration space under this bridge.
[    0.717286] PCI host bridge to bus 0000:00
[    0.718171] pci_bus 0000:00: root bus resource [io  0x0000-0x0cf7 window]
[    0.719415] pci_bus 0000:00: root bus resource [io  0x0d00-0xffff window]
[    0.720680] pci_bus 0000:00: root bus resource [mem 0x000a0000-0x000bffff window]
[    0.722243] pci_bus 0000:00: root bus resource [mem 0x40000000-0xfdffffff window]
[    0.723858] pci_bus 0000:00: root bus resource [bus 00-ff]
[    0.731728] pci 0000:00:01.1: legacy IDE quirk: reg 0x10: [io  0x01f0-0x01f7]
[    0.738426] pci 0000:00:01.1: legacy IDE quirk: reg 0x14: [io  0x03f6]
[    0.739504] pci 0000:00:01.1: legacy IDE quirk: reg 0x18: [io  0x0170-0x0177]
[    0.740633] pci 0000:00:01.1: legacy IDE quirk: reg 0x1c: [io  0x0376]
[    0.758435] pci 0000:00:07.0: quirk: [io  0x4000-0x403f] claimed by PIIX4 ACPI
[    0.773987] pci 0000:00:07.0: quirk: [io  0x4100-0x410f] claimed by PIIX4 SMB
[    0.793767] ACPI: PCI Interrupt Link [LNKA] (IRQs 5 9 10 *11)
[    0.795466] ACPI: PCI Interrupt Link [LNKB] (IRQs 5 9 *10 11)
[    0.796860] ACPI: PCI Interrupt Link [LNKC] (IRQs 5 *9 10 11)
[    0.798451] ACPI: PCI Interrupt Link [LNKD] (IRQs 5 9 10 *11)
[    0.801104] ACPI: Enabled 2 GPEs in block 00 to 07
[    0.807675] vgaarb: setting as boot device: PCI:0000:00:02.0
[    0.810744] vgaarb: device added: PCI:0000:00:02.0,decodes=io+mem,owns=io+mem,locks=none
[    0.818482] vgaarb: loaded
[    0.819051] vgaarb: bridge control possible 0000:00:02.0
[    0.821869] SCSI subsystem initialized
[    0.822763] ACPI: bus type USB registered
[    0.823523] usbcore: registered new interface driver usbfs
[    0.824441] usbcore: registered new interface driver hub
[    0.830581] usbcore: registered new device driver usb
[    0.832969] PCI: Using ACPI for IRQ routing
[    0.834410] NetLabel: Initializing
[    0.835303] NetLabel:  domain hash size = 128
[    0.836336] NetLabel:  protocols = UNLABELED CIPSOv4
[    0.843161] NetLabel:  unlabeled traffic allowed by default
[    0.844278] amd_nb: Cannot enumerate AMD northbridges
[    0.845181] clocksource: Switched to clocksource kvm-clock
[    0.853230] AppArmor: AppArmor Filesystem Enabled
[    0.854483] pnp: PnP ACPI init
[    0.855894] pnp: PnP ACPI: found 3 devices
[    0.864990] clocksource: acp_pm: mask: 0xffffff max_cycles: 0xffffff, max_idle_ns: 2085701024 ns
[    0.889126] NET: Registered protocol family 2

[    0.890322] TCP established hash table entries: 8192 (order: 4, 65536 bytes)
[    0.896949] TCP bind hash table entries: 8192 (order: 5, 131072 bytes)
[    0.898294] TCP: Hash tables configured (established 8192 bind 8192)
[    0.899700] UDP hash table entries: 512 (order: 2, 16384 bytes)
[    0.901021] UDP-Lite hash table entries: 512 (order: 2, 16384 bytes)
[    0.902482] NE: gier protocol family 1
[    1.061323] pci 0000:00:00.0: Limiting direct PCI/PCI transfers
[    1.062685] pci 0000:00:01.0: Activating ISA DMA hang workarounds
[    1.064206] Unpacking initramfs...

[    1.266511] Freeing initrd memory: 14828K
[    1.267596] clocksource: tsc: mask: 0xffffffffffffffff max_cycles: 0x27178451938, max_idle_ns: 440795251172 ns
[    1.274984] platform rtc_cmos: registered platform RTC device (no PNP device found)
[    1.276601] Scanning for low memory corruption every 60 seconds
[    1.278164] audit: initializing netlink subsys (disabled)
[    1.279237] audit: type=2000 audit(1565317424.554:1): initialized
[    1.280624] Initialise system trusted keyring
[    1.281767] HugeTLB registered 2 MB page size, pre-allocated 0 pages
[    1.285186] zbud: loaded
[    1.286236] VFS: Disk quotas dquot_6.6.0
[    1.287137] VFS: Dquot-cache hash table entries: 512 (order 0, 4096 bytes)
[    1.290288] squashfs: version 4.0 (2009/01/31) Phillip Lougher
[    1.294910] fuse init (API version 7.23)
[    1.296113] Key type big_key registered
[    1.296850] Allocating IMA MOK and blacklist keyrings.
[    1.298929] Key type asymmetric registered
[    1.299700] Asymmetric key parser 'x509' registered
[    1.300566] Block layer SCSI generic (bsg) driver version 0.4 loaded (major 249)
[    1.302129] io scheduler noop registered
[    1.303115] io scheduler deadline registered (default)
[    1.304358] io scheduler cfq registered
[    1.305473] pci_hotplug: PCI Hot Plug PCI Core version: 0.5
[    1.306734] pciehp: PCI Express Hot Plug Controller Driver version: 0.4
[    1.308302] ACPI: AC Adapter [AC] (on-line)
[    1.309477] input: Power Button as /devices/LNXSYSTM:00/LNXPWRBN:00/input/input0
[    1.311293] ACPI: Power Button [PWRF]
[    1.312308] input: Sleep Button as /devices/LNXSYSTM:00/LNXSLPBN:00/input/input1
[    1.314141] ACPI: Sleep Button [SLPF]
[    1.315284] GHES: HEST is not enabled!
[    1.315981] ACPI: Battery Slot [BAT0] (battery present)
[    1.317634] Serial: 8250/16550 driver, 32 ports, IRQ sharing enabled
[    1.341070] 00:02: ttyS0 at I/O 0x3f8 (irq = 4, base_baud = 115200) is a 16550A
[    1.350275] Linux agpgart interface v0.103
[    1.352977] loop: module loaded
[    1.359704] scsi host0: ata_piix
[    1.360477] scsi host1: ata_piix
[    1.361135] ata1: PATA max UDMA/33 cmd 0x1f0 ctl 0x3f6 bmdma 0xd000 irq 14
[    1.362448] ata2: PATA max UDMA/33 cmd 0x170 ctl 0x376 bmdma 0xd008 irq 15
[    1.363850] libphy: Fixed MDIO Bus: probed
[    1.374946] tun: Universal TUN/TAP device driver, 1.6
[    1.376962] tun: (C) 1999-2004 Max Krasnyansky <maxk@qualcomm.com>
[    1.381966] PPP generic driver version 2.4.2
[    1.382897] ehci_hcd: USB 2.0 'Enhanced' Host Controller (EHCI) Driver
[    1.384315] ehci-pci: EHCI PCI platform driver
[    1.385424] ehci-platform: EHCI generic platform driver
[    1.386643] ohci_hcd: USB 1.1 'Open' Host Controller (OHCI) Driver
[    1.388006] ohci-pci: OHCI PCI platform driver
[    1.389076] ohci-platform: OHCI generic platform driver
[    1.390328] uhci_hcd: USB Universal Host Controller Interface driver
[    1.398300] i8042: PNP: PS/2 Controller [PNP0303:PS2K,PNP0f03:PS2M] at 0x60,0x64 irq 1,12
[    1.405936] serio: i8042 KBD port at 0x60,0x64 irq 1
[    1.407105] serio: i8042 AUX port at 0x60,0x64 irq 12
[    1.408531] mousedev: PS/2 mouse device common for all mice
[    1.410195] input: AT Translated Set 2 keyboard as /devices/platform/i8042/serio0/input/input2
[    1.412057] rtc_cmos rtc_cmos: rtc core: registered rtc_cmos as rtc0
[    1.415392] rtc_cmos rtc_cmos: alarms up to one day, 114 bytes nvram
[    1.417462] i2c /dev entries driver
[    1.422310] device-mapper: uevent: version 1.0.3
[    1.423260] device-mapper: ioctl: 4.34.0-ioctl (2015-10-28) initialised: dm-devel@redhat.com
[    1.426370] ledtrig-cpu: registered to indicate activity on CPUs
[    1.427978] NET: Registered protocol family 10
[    1.429049] NET: Registered protocol family 17
[    1.435464] Key type dns_resolver registered
[    1.436914] registered taskstats version 1
[    1.437963] Loading compiled-in X.509 certificates
[    1.439696] Loaded X.509 cert 'Build time autogenerated kernel key: 3e01e6df98386236d59670e6b2ed19a044d5324e'
[    1.441969] zswap: loaded using pool lzo/zbud
[    1.444686] Key type trusted registered
[    1.449532] Key type encrypted registered
[    1.450559] AppArmor: AppArmor sha1 policy hashing enabled
[    1.451796] ima: No TPM chip found, activating TPM-bypass!
[    1.453043] ima: Allocated hash algorithm: sha1
[    1.454175] evm: HMAC attrs: 0x1
[    1.455267]   Magic number: 15:718:358
[    1.456204] rtc_cmos rtc_cmos: setting system clock to 2019-08-09 02:23:40 UTC (1565317420)
[    1.458069] BIOS EDD facility v0.16 2004-Jun-25, 0 devices found
[    1.459239] EDD information not available.
[    1.532530] Freeing unused kernel memory: 1484K
[    1.536181] Write protecting the kernel read-only data: 14336k
[    1.811960] Freeing unused kernel memory: 1612K
[    1.818365] Freeing unused kernel memory: 64K
Loading, please wait...
starting version 229
[    1.831825] random: systemd-udevd: uninitialized urandom read (16 bytes read, 3 bits of entropy available)
[    1.832537] random: udevadm: uninitialized urandom read (16 bytes read, 3 bits of entropy available)
[    1.832565] random: udevadm: uninitialized urandom read (16 bytes read, 3 bits of entropy available)
[    1.841827] random: udevadm: uninitialized urandom read (16 bytes read, 3 bits of entropy available)
[    1.841876] random: udevadm: uninitialized urandom read (16 bytes read, 3 bits of entropy available)
[    1.842024] random: udevadm: uninitialized urandom read (16 bytes read, 3 bits of entropy available)
[    1.842077] random: udevadm: uninitialized urandom read (16 bytes read, 3 bits of entropy available)
[    1.842131] random: udevadm: uninitialized urandom read (16 bytes read, 3 bits of entropy available)
[    1.842185] random: udevadm: uninitialized urandom read (16 bytes read, 3 bits of entropy available)
[    1.842235] random: udevadm: uninitialized urandom read (16 bytes read, 3 bits of entropy available)
[    1.895416] e1000: Intel(R) PRO/1000 Network Driver - version 7.3.21-k8-NAPI
[    1.897906] e1000: Copyright (c) 1999-2006 Intel Corporation.
[    1.915155] Fusion MPT base driver 3.04.20
[    1.929057] Copyright (c) 1999-2008 LSI Corporation
[    1.946603] AVX2 version of gcm_enc/dec engaged.
[    1.948801] AES CTR mode by8 optimization enabled
[    1.964154] Fusion MPT SPI Host driver 3.04.20
[    2.131943] input: ImExPS/2 Generic Explorer Mouse as /devices/platform/i8042/serio1/input/input4
[    2.268844] e1000 0000:00:03.0 eth0: (PCI:33MHz:32-bit) 02:c3:b4:e7:31:26
[    2.275872] e1000 0000:00:03.0 eth0: Intel(R) PRO/1000 Network Connection
[    2.810869] e1000 0000:00:08.0 eth1: (PCI:33MHz:32-bit) 08:00:27:a3:99:bb
[    2.812231] e1000 0000:00:08.0 eth1: Intel(R) PRO/1000 Network Connection
[    2.814708] e1000 0000:00:03.0 enp0s3: renamed from eth0
[    2.835017] mptbase: ioc0: Initiating bringup
[    2.845417] e1000 0000:00:08.0 enp0s8: renamed from eth1
[    2.910140] ioc0: LSI53C1030 A0: Capabilities={Initiator}
[    3.080200] scsi host2: ioc0: LSI53C1030 A0, FwRev=00000000h, Ports=1, MaxQ=256, IRQ=20
[    3.202930] scsi 2:0:0:0: Direct-Access     VBOX     HARDDISK         1.0  PQ: 0 ANSI: 5
[    3.232753] scsi target2:0:0: Beginning Domain Validation
[    3.245779] scsi target2:0:0: Domain Validation skipping write tests
[    3.247393] scsi target2:0:0: Ending Domain Validation
[    3.249115] scsi target2:0:0: asynchronous
[    3.252166] scsi 2:0:1:0: Direct-Access     VBOX     HARDDISK         1.0  PQ: 0 ANSI: 5
[    3.276047] scsi target2:0:1: Beginning Domain Validation
[    3.278356] scsi target2:0:1: Domain Validation skipping write tests
[    3.279759] scsi target2:0:1: Ending Domain Validation
[    3.289806] scsi target2:0:1: asynchronous
[    3.318600] sd 2:0:0:0: [sda] 20971520 512-byte logical blocks: (10.7 GB/10.0 GiB)
[    3.320497] sd 2:0:0:0: Attached scsi generic sg0 type 0
[    3.323149] sd 2:0:0:0: [sda] Write Protect is off
[    3.324435] sd 2:0:0:0: [sda] Incomplete mode parameter data
[    3.325802] sd 2:0:0:0: [sda] Assuming drive cache: write through
[    3.327371] sd 2:0:1:0: [sdb] 20480 512-byte logical blocks: (10.5 MB/10.0 MiB)
[    3.329557] sd 2:0:1:0: [sdb] Write Protect is off
[    3.334473] sd 2:0:1:0: Attached scsi generic sg1 type 0
[    3.334622]  sda: sda1
[    3.336616] sd 2:0:1:0: [sdb] Incomplete mode parameter data
[    3.337159] sd 2:0:0:0: [sda] Attached SCSI disk
[    3.395628] sd 2:0:1:0: [sdb] Assuming drive cache: write through
[    3.437259] sd 2:0:1:0: [sdb] Attached SCSI disk
Begin: Loading essential drivers ... [    4.745677] md: linear personality registered for level -1
[    4.836530] md: multipath personality registered for level -4
[    4.856932] md: raid0 personality registered for level 0
[    4.861589] md: raid1 personality registered for level 1
[    4.943501] raid6: sse2x1   gen() 11690 MB/s
[    5.013511] raid6: sse2x1   xor()  8500 MB/s
[    5.082066] raid6: sse2x2   gen() 13346 MB/s
[    5.153492] raid6: sse2x2   xor()  9611 MB/s
[    5.223504] raid6: sse2x4   gen() 15588 MB/s
[    5.302066] raid6: sse2x4   xor() 10219 MB/s
[    5.373480] raid6: avx2x1   gen() 22629 MB/s
[    5.449355] raid6: avx2x2   gen() 24420 MB/s
[    5.518280] raid6: avx2x4   gen() 24701 MB/s
[    5.544017] raid6: using algorithm avx2x4 gen() 24701 MB/s
[    5.576363] raid6: using avx2x2 recovery algorithm
[    5.578231] xor: automatically using best checksumming function:
[    5.645705]    avx       : 33257.000 MB/sec
[    5.649835] async_tx: api initialized (async)
[    5.659542] md: raid6 personality registered for level 6
[    5.693922] md: raid5 personality registered for level 5
[    5.695178] md: raid4 personality registered for level 4
[    5.702570] md: raid10 personality registered for level 10
done.
Begin: Running /scripts/init-premount ... done.
Begin: Mounting root file system ... Begin: Running /scripts/local-top ... done.
Begin: Running /scripts/local-premount ... [    5.744288] Btrfs loaded
Scanning for Btrfs filesystems
done.
Warning: fsck not present, so skipping root file system
[    5.773134] EXT4-fs (sda1): mounted filesystem with ordered data mode. Opts: (null)
done.
Begin: Running /scripts/local-bottom ... done.
Begin: Running /scripts/init-bottom ... done.
[    5.895895] systemd[1]: systemd 229 running in system mode. (+PAM +AUDIT +SELINUX +IMA +APPARMOR +SMACK +SYSVINIT +UTMP +LIBCRYPTSETUP +GCRYPT +GNUTLS +ACL +XZ -LZ4 +SECCOMP +BLKID +ELFUTILS +KMOD -IDN)
[    5.905726] systemd[1]: Detected virtualization oracle.
[    5.907979] systemd[1]: Detected architecture x86-64.

Welcome to [1mUbuntu 16.04.6 LTS[0m!

[    5.922610] systemd[1]: Set hostname to <ubuntu-xenial>.
[    6.060532] systemd[1]: Set up automount Arbitrary Executable File Formats File System Automount Point.
[[0;32m  OK  [0m] Set up automount Arbitrary Executab...ats File System Automount Point.
[    6.065413] systemd[1]: Listening on Device-mapper event daemon FIFOs.
[[0;32m  OK  [0m] Listening on Device-mapper event daemon FIFOs.
[    6.067541] systemd[1]: Listening on udev Kernel Socket.
[[0;32m  OK  [0m] Listening on udev Kernel Socket.
[    6.069408] systemd[1]: Started Trigger resolvconf update for networkd DNS.
[[0;32m  OK  [0m] Started Trigger resolvconf update for networkd DNS.
[    6.072289] systemd[1]: Started Forward Password Requests to Wall Directory Watch.
[[0;32m  OK  [0m] Started Forward Password Requests to Wall Directory Watch.
[    6.077788] systemd[1]: Listening on Journal Socket (/dev/log).
[[0;32m  OK  [0m] Listening on Journal Socket (/dev/log).
[    6.080312] systemd[1]: Listening on /dev/initctl Compatibility Named Pipe.
[[0;32m  OK  [0m] Listening on /dev/initctl Compatibility Named Pipe.
[    6.083179] systemd[1]: Listening on Syslog Socket.
[[0;32m  OK  [0m] Listening on Syslog Socket.
[    6.085726] systemd[1]: Created slice System Slice.
[[0;32m  OK  [0m] Created slice System Slice.
[    6.088233] systemd[1]: Created slice system-serial\x2dgetty.slice.
[[0;32m  OK  [0m] Created slice system-serial\x2dgetty.slice.
[    6.097196] systemd[1]: Reached target User and Group Name Lookups.
[[0;32m  OK  [0m] Reached target User and Group Name Lookups.
[    6.103068] systemd[1]: Reached target Encrypted Volumes.
[[0;32m  OK  [0m] Reached target Encrypted Volumes.
[    6.107845] systemd[1]: Created slice User and Session Slice.
[[0;32m  OK  [0m] Created slice User and Session Slice.
[    6.120258] systemd[1]: Listening on udev Control Socket.
[[0;32m  OK  [0m] Listening on udev Control Socket.
[    6.122241] systemd[1]: Listening on Journal Socket.
[[0;32m  OK  [0m] Listening on Journal Socket.
[    6.137406] systemd[1]: Starting Load Kernel Modules...
[    6.150158] Loading iSCSI transport class v2.0-870.
         Startin[    6.157067] iscsi: registered transport (tcp)
g Load Kernel Modules...
[    6.162935] systemd[1]: Starting Set console keymap...
         Starting Set console keymap...
[    6.187007] iscsi: registered transport (iser)
[    6.202634] systemd[1]: Starting Uncomplicated firewall...
         Starting Uncomplicated firewall...
[    6.256271] systemd[1]: Mounting Huge Pages File System...
         Mounting Huge Pages File System...
[    6.260500] systemd[1]: Mounting Debug File System...
         Mounting Debug File System...
[    6.263260] systemd[1]: Starting Nameserver information manager...
         Starting Nameserver information manager...
[    6.268307] systemd[1]: Starting Create list of required static device nodes for the current kernel...
         Starting Create list of required st... nodes for the current kernel...
[    6.272640] systemd[1]: Reached target Slices.
[[0;32m  OK  [0m] Reached target Slices.
[    6.274711] systemd[1]: Reached target Swap.
[[0;32m  OK  [0m] Reached target Swap.
[    6.276212] systemd[1]: Reached target System Time Synchronized.
[[0;32m  OK  [0m] Reached target System Time Synchronized.
[    6.278808] systemd[1]: Mounting POSIX Message Queue File System...
         Mounting POSIX Message Queue File System...
[    6.288760] systemd[1]: Listening on LVM2 metadata daemon socket.
[[0;32m  OK  [0m] Listening on LVM2 metadata daemon socket.
[    6.297339] systemd[1]: Starting Monitoring of LVM2 mirrors, snapshots etc. using dmeventd or progress polling...
         Starting Monitoring of LVM2 mirrors... dmeventd or progress polling...
[    6.316436] systemd[1]: Listening on Journal Audit Socket.
[[0;32m  OK  [0m] Listening on Journal Audit Socket.
[    6.327720] systemd[1]: Starting Remount Root and Kernel File Systems...
[    6.336246] EXT4-fs (sda1): re-mounted. Opts: (null)
         Starting Remount Root and Kernel File Systems...
[    6.395806] systemd[1]: Listening on LVM2 poll daemon socket.
[[0;32m  OK  [0m] Listening on LVM2 poll daemon socket.
[    6.399724] systemd[1]: Starting Journal Service...
         Starting Journal Service...
[    6.410790] systemd[1]: Mounted Huge Pages File System.
[[0;32m  OK  [0m] Mounted Huge Pages File System.
[    6.413047] systemd[1]: Mounted POSIX Message Queue File System.
[[0;32m  OK  [0m] Mounted POSIX Message Queue File System.
[    6.433444] systemd[1]: Mounted Debug File System.
[[0;32m  OK  [0m] Mounted Debug File System.
[    6.437660] systemd[1]: Started Journal Service.
[[0;32m  OK  [0m] Started Journal Service.
[[0;32m  OK  [0m] Started Load Kernel Modules.
[[0;32m  OK  [0m] Started Set console keymap.
[[0;32m  OK  [0m] Started Uncomplicated firewall.
[[0;32m  OK  [0m] Started Create list of required sta...ce nodes for the current kernel.
[[0;32m  OK  [0m] Started Remount Root and Kernel File Systems.
[[0;32m  OK  [[    6.502536] random: nonblocking pool is initialized
0m] Started Nameserver information manager.
[[0;32m  OK  [0m] Started LVM2 metadata daemon.
         Starting udev Coldplug all Devices...
         Starting Load/Save Random Seed...
         Starting Create Static Device Nodes in /dev...
         Starting Apply Kernel Variables...
         Mounting FUSE Control File System...
         Starting Flush Journal to Persistent Storage...
[[0;32m  OK  [0m] Mounted FUSE Control File System.
[[0;32m  OK  [0m] Started Load/Save Random Seed.
[[0;32m  OK  [0m] Started Create Static Device Nodes in /dev.
[[0;32m  OK  [0m] Started Apply Kernel Variables.
[[0;32m  OK  [0m] Started udev Coldplug all Devices.
[[0;32m  OK  [0m] Started Monitoring of LVM2 mirrors,...ng dmeventd or progress polling.
[[0;32m  OK  [0m] Started Flush Journal to Persistent Storage.
         Starting udev Kernel Device Manager...
[[0;32m  OK  [0m] Reached target Local File Systems (Pre).
[[0;32m  OK  [0m] Reached target Local File Systems.
         Starting Set console font and keymap...
         Starting LSB: AppArmor initialization...
         Starting Tell Plymouth To Write Out Runtime Data...
         Starting Create Volatile Files and Directories...
         Starting Initial cloud-init job (pre-networking)...
[[0;32m  OK  [0m] Started udev Kernel Device Manager.
[[0;32m  OK  [0m] Started Tell Plymouth To Write Out Runtime Data.
[[0;32m  OK  [0m] Started Create Volatile Files and Directories.
[[0;32m  OK  [0m] Found device /dev/ttyS0.
[[0;32m  OK  [0m] Started LSB: AppArmor initialization.
[[0;32m  OK  [0m] Listening on Load/Save RF Kill Switch Status /dev/rfkill Watch.
         Starting Update UTMP about System Boot/Shutdown...
[[0;32m  OK  [0m] Started Dispatch Password Requests to Console Directory Watch.
[[0;32m  OK  [0m] Started Set console font and keymap.
[[0;32m  OK  [0m] Found device 82540EM Gigabit Ethern...r (PRO/1000 MT Desktop Adapter).
[[0;32m  OK  [0m] Started Update UTMP about System Boot/Shutdown.
[[0;32m  OK  [0m] Created slice system-getty.slice.
[[0;32m  OK  [0m] Found device 82540EM Gigabit Ethern...r (PRO/1000 MT Desktop Adapter).
[    7.279536] cloud-init[501]: Cloud-init v. 19.1-1-gbaa47854-0ubuntu1~16.04.1 running 'init-local' at Fri, 09 Aug 2019 02:23:46 +0000. Up 7.00 seconds.
[[0;32m  OK  [0m] Started Initial cloud-init job (pre-networking).
[[0;32m  OK  [0m] Reached target Network (Pre).
         Starting Raise network interfaces...
[[0;32m  OK  [0m] Started ifup for enp0s3.
[[0;32m  OK  [0m] Started ifup for enp0s8.
[[0;32m  OK  [0m] Started Raise network interfaces.
[[0;32m  OK  [0m] Reached target Network.
         Starting Initial cloud-init job (metadata service crawler)...
[    7.992122] cloud-init[1048]: Cloud-init v. 19.1-1-gbaa47854-0ubuntu1~16.04.1 running 'init' at Fri, 09 Aug 2019 02:23:47 +0000. Up 7.77 seconds.
[    8.003268] cloud-init[1048]: ci-info: ++++++++++++++++++++++++++++++++++++++Net device info+++++++++++++++++++++++++++++++++++++++
[    8.036891] [[0;32m  OK  [0m] Started Initial cloud-init job (metadata service crawler).
cloud-init[1048]: ci-info: +--------+------+-----------------------------+---------------+--------+-------------------+
[    8.040744] [[0;32m  OK  [0m] Reached target System Initialization.
[[0;32m  OK  [0m] Listening on D-Bus System Message Bus Socket.
cloud-init[1048]: ci-info: | Device |  Up  |           Address           |      Mask     | Scope  |     Hw-Address    |
[    8.051435]          Starting Docker Socket for the API.
         Starting Socket activation for snappy daemon.
cloud-init[1048]: ci-info: +--------+------+-----------------------------+---------------+--------+-------------------+
[    8.081510] [[0;32m  OK  [0m] Started ACPI Events Check.
[[0;32m  OK  [0m] Reached target Paths.
[[0;32m  OK  [0m] Started Daily Cleanup of Temporary Directories.
cloud-init[1048]: ci-info: | enp0s3 | True |          10.0.2.15          | 255.255.255.0 | global | 02:c3:b4:e7:31:26 |
[    8.092408] [[0;32m  OK  [0m] Started Daily apt download activities.
[[0;32m  OK  [0m] Listening on ACPID Listen Socket.
cloud-init[1048]:          Starting LXD - unix socket.
[[0;32m  OK  [0m] Listening on UUID daemon activation socket.
[[0;32m  OK  [0m] Started Daily apt upgrade and clean activities.
[[0;32m  OK  [0m] Reached target Timers.
[[0;32m  OK  [0m] Reached target Cloud-config availability.
[[0;32m  OK  [0m] Reached target Network is Online.
ci-info: | enp0s3 | True |  fe80::c3:b4ff:fee7:3126/64 |       .       |  link  | 02:c3:b4:e7:31:26 |
[    8.107687] cloud-init[1048]: ci-info: | enp0s8 | True |         172.20.128.2        | 255.255.255.0 | global | 08:00:27:a3:99:bb |
[    8.109932] cloud-init[1048]: ci-info: | enp0s8 | True | fe80::a00:27ff:fea3:99bb/64 |       .       |  link  | 08:00:27:a3:99:bb |
         Starting iSCSI initiator daemon (iscsid)...
[    8.112082] cloud-init[1048]: ci-info: |   lo   | True |          127.0.0.1          |   255.0.0.0   |  host  |         .         |[[0;32m  OK  [0m] Listening on Docker Socket for the API.
[[0;32m  OK  [0m] Listening on Socket activation for snappy daemon.
[[0;32m  OK  [0m] Listening on LXD - unix socket.

[    8.117197] cloud-init[1048]: ci-info: |   lo   | True |           ::1/128           |       .       |  host  |         .         |
[    8.117240] cloud-init[1048]: ci-info: +--------+------+-----------------------------+---------------+--------+-------------------+
[    8.117273] cloud-init[1048]: ci-info: ++++++++++++++++++++++++++++Route IPv4 info++++++++++++++++++++++++++++
[    8.117304] cloud-init[1048]: ci-info: +-------+--------------+----------+---------------+-----------+-------+
[    8.117336] cloud-init[1048]: ci-info: | Route | Destination  | Gateway  |    Genmask    | Interface | Flags |
[    8.117365] cloud-init[1048]: ci-info: +-------+--------------+----------+---------------+-----------+-------+
[    8.117400] cloud-init[1048]: ci-info: |   0   |   0.0.0.0    | 10.0.2.2 |    0.0.0.0    |   enp0s3  |   UG  |
[    8.117433] cloud-init[1048]: ci-info: |   1   |   10.0.2.0   | 0.0.0.0  | 255.255.255.0 |   enp0s3  |   U   |
[    8.117462] cloud-init[1048]: ci-info: |   2   | 172.20.128.0 | 0.0.0.0  | 255.255.255.0 |   enp0s8  |   U   |
[    8.117493] cloud-init[1048]: ci-info: +-------+--------------+----------+---------------+-----------+-------+
[    8.117524] cloud-init[1048]: ci-info: +++++++++++++++++++Route IPv6 info+++++++++++++++++++
[    8.117566] cloud-init[1048]: ci-info: +-------+-------------+---------+-----------+-------+
[    8.117615] cloud-init[1048]: ci-info: | Route | Destination | Gateway | Interface | Flags |
[    8.117647] cloud-init[1048]: ci-info: +-------+-------------+---------+-----------+-------+
[    8.117678] cloud-init[1048]: ci-info: |   0   |  fe80::/64  |    ::   |   enp0s8  |   U   |
[    8.117710] cloud-init[1048]: ci-info: |   1   |  fe80::/64  |    ::   |   enp0s3  |   U   |
[    8.117739] cloud-init[1048]: ci-info: |   4   |   ff00::/8  |    ::   |   enp0s8  |   U   |
[    8.117770] cloud-init[1048]: ci-info: |   5   |   ff00::/8  |    ::   |   enp0s3  |   U   |
[    8.117799] cloud-init[1048]: ci-info: +-------+-------------+---------+-----------+-------+
[[0;32m  OK  [0m] Reached target Sockets.
[[0;32m  OK  [0m] Reached target Basic System.
         Starting Virtualbox guest utils...
         Starting Login Service...
         Starting System Logging Service...
         Starting /etc/rc.local Compatibility...
         Starting Snappy daemon...
         Starting LSB: Record successful boot for GRUB...
[[0;32m  OK  [0m] Started FUSE filesystem for LXC.
         Starting OpenBSD Secure Shell server...
         Starting Accounts Service...
[[0;32m  OK  [0m] Started Regular background program processing daemon.
[[0;32m  OK  [0m] Started Deferred execution scheduler.
         Starting LXD - container startup/shutdown...
[[0;32m  OK  [0m] Started D-Bus System Message Bus.
         Starting LSB: MD monitoring daemon...
         Starting containerd container runtime...
[[0;32m  OK  [0m] Started ACPI event daemon.
[[0;32m  OK  [0m] Started System Logging Service.
[[0;32m  OK  [0m] Started /etc/rc.local Compatibility.
[[0;32m  OK  [0m] Started containerd container runtime.
[[0;32m  OK  [0m] Started OpenBSD Secure Shell server.
[[0;32m  OK  [0m] Started iSCSI initiator daemon (iscsid).
[[0;32m  OK  [0m] Started LXD - container startup/shutdown.
[[0;32m  OK  [0m] Started LSB: Record successful boot for GRUB.
[[0;32m  OK  [0m] Started LSB: MD monitoring daemon.
[[0;32m  OK  [0m] Started Login Service.
[[0;32m  OK  [0m] Started Unattended Upgrades Shutdown.
         Starting Authenticate and Authorize Users to Run Privileged Tasks...
         Starting Login to default iSCSI targets...
         Starting Docker Application Container Engine...
[[0;32m  OK  [0m] Started Snappy daemon.
[[0;32m  OK  [0m] Started Virtualbox guest utils.
[[0;32m  OK  [0m] Started Authenticate and Authorize Users to Run Privileged Tasks.
[[0;32m  OK  [0m] Started Accounts Service.
         Starting Wait until snapd is fully seeded...
[[0;32m  OK  [0m] Started Login to default iSCSI targets.
[[0;32m  OK  [0m] Reached target Remote File Systems (Pre).
[[0;32m  OK  [0m] Reached target Remote File Systems.
         Starting LSB: Set up cgroupfs mounts....
         Starting LSB: automatic crash report generation...
         Starting LSB: daemon to balance interrupts for SMP systems...
         Starting Permit User Sessions...
         Starting LSB: Set the CPU Frequency Scaling governor to "ondemand"...
[[0;32m  OK  [0m] Started Wait until snapd is fully seeded.
[[0;32m  OK  [0m] Started LSB: Set up cgroupfs mounts..
[[0;32m  OK  [0m] Started Permit User Sessions.
         Starting Terminate Plymouth Boot Screen...
         Starting Hold until boot process finishes up...
         Starting Apply the settings specified in cloud-config...
[[0;32m  OK  [0m] Started LSB: automatic crash report generation.
[[0;32m  OK  [0m] Started LSB: daemon to balance interrupts for SMP systems.
[[0;32m  OK  [0m] Started Terminate Plymouth Boot Screen.
[[0;32m  OK  [0m] Started Hold until boot process finishes up.
[[0;32m  OK  [0m] Started LSB: Set the CPU Frequency Scaling governor to "ondemand".
[[0;32m  OK  [0m] Started Getty on tty1.
         Starting Set console scheme...
[[0;32m  OK  [0m] Started Serial Getty on ttyS0.
[[0;32m  OK  [0m] Reached target Login Prompts.
[[0;32m  OK  [0m] Started Set console scheme.
[    9.458167] cloud-init[1321]: Cloud-init v. 19.1-1-gbaa47854-0ubuntu1~16.04.1 running 'modules:config' at Fri, 09 Aug 2019 02:23:48 +0000. Up 9.33 seconds.
[[0;32m  OK  [0m] Started Apply the settings specified in cloud-config.
[[0;32m  OK  [0m] Started Docker Application Container Engine.
[[0;32m  OK  [0m] Reached target Multi-User System.
         Starting Execute cloud user/final scripts...
[[0;32m  OK  [0m] Reached target Graphical Interface.
         Starting Update UTMP about System Runlevel Changes...
[[0;32m  OK  [0m] Started Update UTMP about System Runlevel Changes.
[   10.028178] cloud-init[1526]: Cloud-init v. 19.1-1-gbaa47854-0ubuntu1~16.04.1 running 'modules:final' at Fri, 09 Aug 2019 02:23:49 +0000. Up 9.94 seconds.
[   10.053778] cloud-init[1526]: Cloud-init v. 19.1-1-gbaa47854-0ubuntu1~16.04.1 finished at Fri, 09 Aug 2019 02:23:49 +0000. Datasource DataSourceNoCloud [seed=/dev/sdb][dsmode=net].  Up 10.02 seconds
[[0;32m  OK  [0m] Started Execute cloud user/final scripts.
[[0;32m  OK  [0m] Reached target Cloud-init target.
         Starting Daily apt download activities...
[[0;32m  OK  [0m] Created slice User Slice of vagrant.
         Starting User Manager for UID 1000...
[[0;32m  OK  [0m] Started Session 1 of user vagrant.
[[0;32m  OK  [0m] Started User Manager for UID 1000.

Ubuntu 16.04.6 LTS ubuntu-xenial ttyS0

ubuntu-xenial login: [6801896025.294872] NMI watchdog: BUG: soft lockup - CPU#1 stuck for 3666s! [swapper/1:0]
[6801896025.294994] NMI watchdog: BUG: soft lockup - CPU#0 stuck for 3666s! [timesync:1231]
